
http://www.bluejean.fr/index.php
--------------------------------
OK        http://www.bluejean.fr
OK        http://www.bluejean.fr/aliments/
OK        http://www.bluejean.fr/recettes/
OK        http://www.bluejean.fr/sante/
OK        http://www.bluejean.fr/index.php
OK        http://www.bluejean.fr/question-reponse.php
OK        http://www.bluejean.fr/alimentation-equilibre.php
OK        http://www.bluejean.fr/jouvence.php
OK        http://www.bluejean.fr/meilleur-regime.php
OK        http://www.bluejean.fr/aliments-amaigrissants.php
OK        http://www.bluejean.fr/sante/acides-gras-trans.php
OK        http://www.bluejean.fr/sante/migraine-maux-de-tete.php
OK        http://www.bluejean.fr/poids-ideal.php
OK        http://www.scriptol.fr
OK        http://www.bluejean.fr/groupes-alimentaires.php
OK        http://www.bluejean.fr/vitamines.php
OK        http://www.bluejean.fr/mineraux.php
OK        http://www.bluejean.fr/aliment-couleur.php
OK        http://www.bluejean.fr/recette-nutrition.php
OK        http://www.bluejean.fr/meilleur-regime.php
OK        http://www.bluejean.fr/aliments-amaigrissants.php
OK        http://www.bluejean.fr/poids-ideal.php
OK        http://www.bluejean.fr/sante/migraine-maux-de-tete.php
OK        http://www.bluejean.fr/sante/cancer.php
OK        http://www.bluejean.fr/jouvence.php
OK        http://www.bluejean.fr/sante/acides-gras-trans.php
OK        http://www.bluejean.fr/sante/rhume-anti-inflammatoire-naturels.php
OK        http://www.bluejean.fr/sante/ph-acide.php
OK        http://www.bluejean.fr/sante/alimentation-cancer.php
OK        http://www.bluejean.fr/nutrition/regime-supprimer-faim.php
OK        http://www.bluejean.fr/nutrition/renouvellement-cellulaire-alimentation.php
OK        http://www.bluejean.fr/aliments/pomme-ariane.php
OK        http://www.bluejean.fr/aliments/pruneau.php
OK        http://www.bluejean.fr/aliments/chataigne.php
OK        http://www.bluejean.fr/aliments/raisin.php
OK        http://www.bluejean.fr/aliments/citrouille.php
OK        http://www.bluejean.fr/aliments/saumon.php
OK        http://www.bluejean.fr/minceur/air-procure-la-satiete.php
OK        http://www.bluejean.fr/cosmetique/venin-anti-ride.php
OK        http://www.bluejean.fr/sante/wii-fit-fitness.php
OK        http://www.bluejean.fr/cosmetique/cosmetique-bio.php
OK        http://www.bluejean.fr/sante/sport-et-sante.php
OK        http://www.bluejean.fr/sante/wi-fi-troubles.php
OK        http://www.bluejean.fr/dick-amphetamine.php
OK        http://www.bluejean.fr/blue-jeans.php
OK        http://www.bluejean.fr/couleur-bleue.php
OK        http://www.bluejean.fr/nutrition-asimoz.php
OK        http://www.bluejean.fr/rss.xml

http://www.bluejean.fr
----------------------

http://www.bluejean.fr/aliments/
--------------------------------
OK        http://www.bluejean.fr
OK        http://www.bluejean.fr/aliments/
OK        http://www.bluejean.fr/recettes/
OK        http://www.bluejean.fr/sante/
OK        http://www.bluejean.fr/index.php
OK        http://www.bluejean.fr/question-reponse.php
OK        http://www.bluejean.fr/aliments/chataigne.php
OK        http://www.bluejean.fr/aliments/citrouille.php
OK        http://www.bluejean.fr/aliments/pomme-ariane.php
OK        http://www.bluejean.fr/aliments/pruneau.php
OK        http://www.bluejean.fr/aliments/raisin.php
OK        http://www.bluejean.fr/aliments/saumon.php
OK        http://www.bluejean.fr/alimentation-equilibre.php
OK        http://www.bluejean.fr/aliment-couleur.php
OK        http://www.bluejean.fr/meilleur-regime.php
OK        http://www.bluejean.fr/aliments-amaigrissants.php
OK        http://www.bluejean.fr/poids-ideal.php
OK        http://www.bluejean.fr/aliments/pomme-ariane.php
OK        http://www.bluejean.fr/aliments/saumon.php
OK        http://www.bluejean.fr/aliments/pruneau.php
OK        http://www.bluejean.fr/aliments/chataigne.php
OK        http://www.bluejean.fr/aliments/citrouille.php
OK        http://www.bluejean.fr/aliments/raisin.php

http://www.bluejean.fr/recettes/
--------------------------------
OK        http://www.bluejean.fr
OK        http://www.bluejean.fr/aliments/
OK        http://www.bluejean.fr/recettes/
OK        http://www.bluejean.fr/sante/
OK        http://www.bluejean.fr/index.php
OK        http://www.bluejean.fr/question-reponse.php
OK        http://www.bluejean.fr/alimentation-equilibre.php
OK        http://www.bluejean.fr/aliment-couleur.php
OK        http://www.bluejean.fr/meilleur-regime.php
OK        http://www.bluejean.fr/aliments-amaigrissants.php
OK        http://www.scriptol.fr
OK        http://www.bluejean.fr/recettes/agneau-pomme-boulangere.php
OK        http://www.bluejean.fr/recettes/aubergine-ail.php
OK        http://www.bluejean.fr/recettes/banane-vanille.php
OK        http://www.bluejean.fr/recettes/beignet-americain.php
OK        http://www.bluejean.fr/recettes/boeuf-grecque.php
OK        http://www.bluejean.fr/recettes/boeuf-stroganoff.php
OK        http://www.bluejean.fr/recettes/bugnes-citron.php
OK        http://www.bluejean.fr/recettes/cabillaud-mangue.php
OK        http://www.bluejean.fr/recettes/calamar-riz.php
OK        http://www.bluejean.fr/recettes/carpaccio-crevettes.php
OK        http://www.bluejean.fr/recettes/champignons.php
OK        http://www.bluejean.fr/recettes/clafoutis-tomates.php
OK        http://www.bluejean.fr/recettes/colin-tomate.php
OK        http://www.bluejean.fr/recettes/colombo-agneau-citron.php
OK        http://www.bluejean.fr/recettes/coquilles-saint-jacques.php
OK        http://www.bluejean.fr/recettes/courge-curry.php
OK        http://www.bluejean.fr/recettes/creme-patissiere.php
OK        http://www.bluejean.fr/recettes/crepes-chocolat.php
OK        http://www.bluejean.fr/recettes/crevettes-pommes.php
OK        http://www.bluejean.fr/recettes/crumble-tomate.php
OK        http://www.bluejean.fr/recettes/daurade.php
OK        http://www.bluejean.fr/recettes/escalope-dinde-ail.php
OK        http://www.bluejean.fr/recettes/flan-banane.php
OK        http://www.bluejean.fr/recettes/flan-the.php
OK        http://www.bluejean.fr/recettes/fondue-vacherin.php
OK        http://www.bluejean.fr/recettes/gateau-melon.php
OK        http://www.bluejean.fr/recettes/glace-pistache.php
OK        http://www.bluejean.fr/recettes/hamburger-thon.php
OK        http://www.bluejean.fr/recettes/lotte-tomate-ail.php
OK        http://www.bluejean.fr/recettes/mille-feuille-fraise.php
OK        http://www.bluejean.fr/recettes/moules-marinieres.php
OK        http://www.bluejean.fr/recettes/moules-riz.php
OK        http://www.bluejean.fr/recettes/oeuf-gratine.php
OK        http://www.bluejean.fr/recettes/omelette-basquaise.php
OK        http://www.bluejean.fr/recettes/omelette-soufflee.php
OK        http://www.bluejean.fr/recettes/pain-chocolat.php
OK        http://www.bluejean.fr/recettes/pates-al-dente.php
OK        http://www.bluejean.fr/recettes/pates-legumes.php
OK        http://www.bluejean.fr/recettes/pissaladiere-nicoise.php
OK        http://www.bluejean.fr/recettes/pizza-roquette.php
OK        http://www.bluejean.fr/recettes/poisson-papillotes.php
OK        http://www.bluejean.fr/recettes/poivron-epinard.php
OK        http://www.bluejean.fr/recettes/pomme-de-terre-epices.php
OK        http://www.bluejean.fr/recettes/pomme-terre-fromage-blanc.php
OK        http://www.bluejean.fr/recettes/potiron-chataigne.php
OK        http://www.bluejean.fr/recettes/poulet-oignon.php
OK        http://www.bluejean.fr/recettes/ratatouille.php
OK        http://www.bluejean.fr/recettes/risotto-legumes.php
OK        http://www.bluejean.fr/recettes/riz-au-lait.php
OK        http://www.bluejean.fr/recettes/salade-des-vignerons.php
OK        http://www.bluejean.fr/recettes/sardine-sicilienne.php
OK        http://www.bluejean.fr/recettes/sauce-blanche.php
OK        http://www.bluejean.fr/recettes/saumon-erable-soja.php
OK        http://www.bluejean.fr/recettes/saumon-mangue.php
OK        http://www.bluejean.fr/recettes/saumon-poireau.php
OK        http://www.bluejean.fr/recettes/saute-de-porc.php
OK        http://www.bluejean.fr/recettes/soupe-chinoise-crevettes.php
OK        http://www.bluejean.fr/recettes/soupe-choux.php
OK        http://www.bluejean.fr/recettes/soupe-concombre.php
OK        http://www.bluejean.fr/recettes/soupe-tomates.php
OK        http://www.bluejean.fr/recettes/steak-frites.php
OK        http://www.bluejean.fr/recettes/tarte-citron.php
OK        http://www.bluejean.fr/recettes/tarte-normande.php
OK        http://www.bluejean.fr/recettes/thon-artichaut.php

http://www.bluejean.fr/recettes/agneau-pomme-boulangere.php
-----------------------------------------------------------
OK        http://www.bluejean.fr
OK        http://www.bluejean.fr/aliments/
OK        http://www.bluejean.fr/recettes/
OK        http://www.bluejean.fr/sante/
OK        http://www.bluejean.fr/index.php
OK        http://www.bluejean.fr/question-reponse.php
OK        http://www.bluejean.fr/alimentation-equilibre.php
OK        http://www.bluejean.fr/jouvence.php
OK        http://www.bluejean.fr/meilleur-regime.php
OK        http://www.bluejean.fr/aliments-amaigrissants.php
OK        http://www.bluejean.fr/poids-ideal.php

http://www.bluejean.fr/recettes/aubergine-ail.php
-------------------------------------------------
OK        http://www.bluejean.fr
OK        http://www.bluejean.fr/aliments/
OK        http://www.bluejean.fr/recettes/
OK        http://www.bluejean.fr/sante/
OK        http://www.bluejean.fr/index.php
OK        http://www.bluejean.fr/question-reponse.php
OK        http://www.bluejean.fr/alimentation-equilibre.php
OK        http://www.bluejean.fr/jouvence.php
OK        http://www.bluejean.fr/meilleur-regime.php
OK        http://www.bluejean.fr/aliments-amaigrissants.php
OK        http://www.bluejean.fr/poids-ideal.php

http://www.bluejean.fr/recettes/banane-vanille.php
--------------------------------------------------
OK        http://www.bluejean.fr
OK        http://www.bluejean.fr/aliments/
OK        http://www.bluejean.fr/recettes/
OK        http://www.bluejean.fr/sante/
OK        http://www.bluejean.fr/index.php
OK        http://www.bluejean.fr/question-reponse.php
OK        http://www.bluejean.fr/alimentation-equilibre.php
OK        http://www.bluejean.fr/jouvence.php
OK        http://www.bluejean.fr/meilleur-regime.php
OK        http://www.bluejean.fr/aliments-amaigrissants.php
OK        http://www.bluejean.fr/poids-ideal.php

http://www.bluejean.fr/recettes/beignet-americain.php
-----------------------------------------------------
OK        http://www.bluejean.fr
OK        http://www.bluejean.fr/aliments/
OK        http://www.bluejean.fr/recettes/
OK        http://www.bluejean.fr/sante/
OK        http://www.bluejean.fr/index.php
OK        http://www.bluejean.fr/question-reponse.php
OK        http://www.bluejean.fr/alimentation-equilibre.php
OK        http://www.bluejean.fr/jouvence.php
OK        http://www.bluejean.fr/meilleur-regime.php
OK        http://www.bluejean.fr/aliments-amaigrissants.php
OK        http://www.bluejean.fr/poids-ideal.php

http://www.bluejean.fr/recettes/boeuf-grecque.php
-------------------------------------------------
OK        http://www.bluejean.fr
OK        http://www.bluejean.fr/aliments/
OK        http://www.bluejean.fr/recettes/
OK        http://www.bluejean.fr/sante/
OK        http://www.bluejean.fr/index.php
OK        http://www.bluejean.fr/question-reponse.php
OK        http://www.bluejean.fr/alimentation-equilibre.php
OK        http://www.bluejean.fr/jouvence.php
OK        http://www.bluejean.fr/meilleur-regime.php
OK        http://www.bluejean.fr/aliments-amaigrissants.php
OK        http://www.bluejean.fr/poids-ideal.php

http://www.bluejean.fr/recettes/boeuf-stroganoff.php
----------------------------------------------------
OK        http://www.bluejean.fr
OK        http://www.bluejean.fr/aliments/
OK        http://www.bluejean.fr/recettes/
OK        http://www.bluejean.fr/sante/
OK        http://www.bluejean.fr/index.php
OK        http://www.bluejean.fr/question-reponse.php
OK        http://www.bluejean.fr/alimentation-equilibre.php
OK        http://www.bluejean.fr/jouvence.php
OK        http://www.bluejean.fr/meilleur-regime.php
OK        http://www.bluejean.fr/aliments-amaigrissants.php
OK        http://www.bluejean.fr/poids-ideal.php

http://www.bluejean.fr/recettes/bugnes-citron.php
-------------------------------------------------
OK        http://www.bluejean.fr
OK        http://www.bluejean.fr/aliments/
OK        http://www.bluejean.fr/recettes/
OK        http://www.bluejean.fr/sante/
OK        http://www.bluejean.fr/index.php
OK        http://www.bluejean.fr/question-reponse.php
OK        http://www.bluejean.fr/alimentation-equilibre.php
OK        http://www.bluejean.fr/jouvence.php
OK        http://www.bluejean.fr/meilleur-regime.php
OK        http://www.bluejean.fr/aliments-amaigrissants.php
OK        http://www.bluejean.fr/poids-ideal.php

http://www.bluejean.fr/recettes/cabillaud-mangue.php
----------------------------------------------------
OK        http://www.bluejean.fr
OK        http://www.bluejean.fr/aliments/
OK        http://www.bluejean.fr/recettes/
OK        http://www.bluejean.fr/sante/
OK        http://www.bluejean.fr/index.php
OK        http://www.bluejean.fr/question-reponse.php
OK        http://www.bluejean.fr/alimentation-equilibre.php
OK        http://www.bluejean.fr/jouvence.php
OK        http://www.bluejean.fr/meilleur-regime.php
OK        http://www.bluejean.fr/aliments-amaigrissants.php
OK        http://www.bluejean.fr/poids-ideal.php

http://www.bluejean.fr/recettes/calamar-riz.php
-----------------------------------------------
OK        http://www.bluejean.fr
OK        http://www.bluejean.fr/aliments/
OK        http://www.bluejean.fr/recettes/
OK        http://www.bluejean.fr/sante/
OK        http://www.bluejean.fr/index.php
OK        http://www.bluejean.fr/question-reponse.php
OK        http://www.bluejean.fr/alimentation-equilibre.php
OK        http://www.bluejean.fr/jouvence.php
OK        http://www.bluejean.fr/meilleur-regime.php
OK        http://www.bluejean.fr/aliments-amaigrissants.php
OK        http://www.bluejean.fr/poids-ideal.php

http://www.bluejean.fr/recettes/carpaccio-crevettes.php
-------------------------------------------------------
OK        http://www.bluejean.fr
OK        http://www.bluejean.fr/aliments/
OK        http://www.bluejean.fr/recettes/
OK        http://www.bluejean.fr/sante/
OK        http://www.bluejean.fr/index.php
OK        http://www.bluejean.fr/question-reponse.php
OK        http://www.bluejean.fr/alimentation-equilibre.php
OK        http://www.bluejean.fr/jouvence.php
OK        http://www.bluejean.fr/meilleur-regime.php
OK        http://www.bluejean.fr/aliments-amaigrissants.php
OK        http://www.bluejean.fr/poids-ideal.php

http://www.bluejean.fr/recettes/champignons.php
-----------------------------------------------
OK        http://www.bluejean.fr
OK        http://www.bluejean.fr/aliments/
OK        http://www.bluejean.fr/recettes/
OK        http://www.bluejean.fr/sante/
OK        http://www.bluejean.fr/index.php
OK        http://www.bluejean.fr/question-reponse.php
OK        http://www.bluejean.fr/alimentation-equilibre.php
OK        http://www.bluejean.fr/jouvence.php
OK        http://www.bluejean.fr/meilleur-regime.php
OK        http://www.bluejean.fr/aliments-amaigrissants.php
OK        http://www.bluejean.fr/poids-ideal.php

http://www.bluejean.fr/recettes/clafoutis-tomates.php
-----------------------------------------------------
OK        http://www.bluejean.fr
OK        http://www.bluejean.fr/aliments/
OK        http://www.bluejean.fr/recettes/
OK        http://www.bluejean.fr/sante/
OK        http://www.bluejean.fr/index.php
OK        http://www.bluejean.fr/question-reponse.php
OK        http://www.bluejean.fr/alimentation-equilibre.php
OK        http://www.bluejean.fr/jouvence.php
OK        http://www.bluejean.fr/meilleur-regime.php
OK        http://www.bluejean.fr/aliments-amaigrissants.php
OK        http://www.bluejean.fr/poids-ideal.php

http://www.bluejean.fr/recettes/colin-tomate.php
------------------------------------------------
OK        http://www.bluejean.fr
OK        http://www.bluejean.fr/aliments/
OK        http://www.bluejean.fr/recettes/
OK        http://www.bluejean.fr/sante/
OK        http://www.bluejean.fr/index.php
OK        http://www.bluejean.fr/question-reponse.php
OK        http://www.bluejean.fr/alimentation-equilibre.php
OK        http://www.bluejean.fr/jouvence.php
OK        http://www.bluejean.fr/meilleur-regime.php
OK        http://www.bluejean.fr/aliments-amaigrissants.php
OK        http://www.bluejean.fr/poids-ideal.php

http://www.bluejean.fr/recettes/colombo-agneau-citron.php
---------------------------------------------------------
OK        http://www.bluejean.fr
OK        http://www.bluejean.fr/aliments/
OK        http://www.bluejean.fr/recettes/
OK        http://www.bluejean.fr/sante/
OK        http://www.bluejean.fr/index.php
OK        http://www.bluejean.fr/question-reponse.php
OK        http://www.bluejean.fr/alimentation-equilibre.php
OK        http://www.bluejean.fr/jouvence.php
OK        http://www.bluejean.fr/meilleur-regime.php
OK        http://www.bluejean.fr/aliments-amaigrissants.php
OK        http://www.bluejean.fr/poids-ideal.php

http://www.bluejean.fr/recettes/coquilles-saint-jacques.php
-----------------------------------------------------------
OK        http://www.bluejean.fr
OK        http://www.bluejean.fr/aliments/
OK        http://www.bluejean.fr/recettes/
OK        http://www.bluejean.fr/sante/
OK        http://www.bluejean.fr/index.php
OK        http://www.bluejean.fr/question-reponse.php
OK        http://www.bluejean.fr/alimentation-equilibre.php
OK        http://www.bluejean.fr/jouvence.php
OK        http://www.bluejean.fr/meilleur-regime.php
OK        http://www.bluejean.fr/aliments-amaigrissants.php
OK        http://www.bluejean.fr/poids-ideal.php

http://www.bluejean.fr/recettes/courge-curry.php
------------------------------------------------
OK        http://www.bluejean.fr
OK        http://www.bluejean.fr/aliments/
OK        http://www.bluejean.fr/recettes/
OK        http://www.bluejean.fr/sante/
OK        http://www.bluejean.fr/index.php
OK        http://www.bluejean.fr/question-reponse.php
OK        http://www.bluejean.fr/alimentation-equilibre.php
OK        http://www.bluejean.fr/jouvence.php
OK        http://www.bluejean.fr/meilleur-regime.php
OK        http://www.bluejean.fr/aliments-amaigrissants.php
OK        http://www.bluejean.fr/poids-ideal.php

http://www.bluejean.fr/recettes/creme-patissiere.php
----------------------------------------------------
OK        http://www.bluejean.fr
OK        http://www.bluejean.fr/aliments/
OK        http://www.bluejean.fr/recettes/
OK        http://www.bluejean.fr/sante/
OK        http://www.bluejean.fr/index.php
OK        http://www.bluejean.fr/question-reponse.php
OK        http://www.bluejean.fr/alimentation-equilibre.php
OK        http://www.bluejean.fr/jouvence.php
OK        http://www.bluejean.fr/meilleur-regime.php
OK        http://www.bluejean.fr/aliments-amaigrissants.php
OK        http://www.bluejean.fr/poids-ideal.php

http://www.bluejean.fr/recettes/crepes-chocolat.php
---------------------------------------------------
OK        http://www.bluejean.fr
OK        http://www.bluejean.fr/aliments/
OK        http://www.bluejean.fr/recettes/
OK        http://www.bluejean.fr/sante/
OK        http://www.bluejean.fr/index.php
OK        http://www.bluejean.fr/question-reponse.php
OK        http://www.bluejean.fr/alimentation-equilibre.php
OK        http://www.bluejean.fr/jouvence.php
OK        http://www.bluejean.fr/meilleur-regime.php
OK        http://www.bluejean.fr/aliments-amaigrissants.php
OK        http://www.bluejean.fr/poids-ideal.php

http://www.bluejean.fr/recettes/crevettes-pommes.php
----------------------------------------------------
OK        http://www.bluejean.fr
OK        http://www.bluejean.fr/aliments/
OK        http://www.bluejean.fr/recettes/
OK        http://www.bluejean.fr/sante/
OK        http://www.bluejean.fr/index.php
OK        http://www.bluejean.fr/question-reponse.php
OK        http://www.bluejean.fr/alimentation-equilibre.php
OK        http://www.bluejean.fr/jouvence.php
OK        http://www.bluejean.fr/meilleur-regime.php
OK        http://www.bluejean.fr/aliments-amaigrissants.php
OK        http://www.bluejean.fr/poids-ideal.php

http://www.bluejean.fr/recettes/crumble-tomate.php
--------------------------------------------------
OK        http://www.bluejean.fr
OK        http://www.bluejean.fr/aliments/
OK        http://www.bluejean.fr/recettes/
OK        http://www.bluejean.fr/sante/
OK        http://www.bluejean.fr/index.php
OK        http://www.bluejean.fr/question-reponse.php
OK        http://www.bluejean.fr/alimentation-equilibre.php
OK        http://www.bluejean.fr/jouvence.php
OK        http://www.bluejean.fr/meilleur-regime.php
OK        http://www.bluejean.fr/aliments-amaigrissants.php
OK        http://www.bluejean.fr/poids-ideal.php

http://www.bluejean.fr/recettes/daurade.php
-------------------------------------------
OK        http://www.bluejean.fr
OK        http://www.bluejean.fr/aliments/
OK        http://www.bluejean.fr/recettes/
OK        http://www.bluejean.fr/sante/
OK        http://www.bluejean.fr/index.php
OK        http://www.bluejean.fr/question-reponse.php
OK        http://www.bluejean.fr/alimentation-equilibre.php
OK        http://www.bluejean.fr/jouvence.php
OK        http://www.bluejean.fr/meilleur-regime.php
OK        http://www.bluejean.fr/aliments-amaigrissants.php
OK        http://www.bluejean.fr/poids-ideal.php

http://www.bluejean.fr/recettes/escalope-dinde-ail.php
------------------------------------------------------
OK        http://www.bluejean.fr
OK        http://www.bluejean.fr/aliments/
OK        http://www.bluejean.fr/recettes/
OK        http://www.bluejean.fr/sante/
OK        http://www.bluejean.fr/index.php
OK        http://www.bluejean.fr/question-reponse.php
OK        http://www.bluejean.fr/alimentation-equilibre.php
OK        http://www.bluejean.fr/jouvence.php
OK        http://www.bluejean.fr/meilleur-regime.php
OK        http://www.bluejean.fr/aliments-amaigrissants.php
OK        http://www.bluejean.fr/poids-ideal.php

http://www.bluejean.fr/recettes/flan-banane.php
-----------------------------------------------
OK        http://www.bluejean.fr
OK        http://www.bluejean.fr/aliments/
OK        http://www.bluejean.fr/recettes/
OK        http://www.bluejean.fr/sante/
OK        http://www.bluejean.fr/index.php
OK        http://www.bluejean.fr/question-reponse.php
OK        http://www.bluejean.fr/alimentation-equilibre.php
OK        http://www.bluejean.fr/jouvence.php
OK        http://www.bluejean.fr/meilleur-regime.php
OK        http://www.bluejean.fr/aliments-amaigrissants.php
OK        http://www.bluejean.fr/poids-ideal.php

http://www.bluejean.fr/recettes/flan-the.php
--------------------------------------------
OK        http://www.bluejean.fr
OK        http://www.bluejean.fr/aliments/
OK        http://www.bluejean.fr/recettes/
OK        http://www.bluejean.fr/sante/
OK        http://www.bluejean.fr/index.php
OK        http://www.bluejean.fr/question-reponse.php
OK        http://www.bluejean.fr/alimentation-equilibre.php
OK        http://www.bluejean.fr/jouvence.php
OK        http://www.bluejean.fr/meilleur-regime.php
OK        http://www.bluejean.fr/aliments-amaigrissants.php
OK        http://www.bluejean.fr/poids-ideal.php

http://www.bluejean.fr/recettes/fondue-vacherin.php
---------------------------------------------------
OK        http://www.bluejean.fr
OK        http://www.bluejean.fr/aliments/
OK        http://www.bluejean.fr/recettes/
OK        http://www.bluejean.fr/sante/
OK        http://www.bluejean.fr/index.php
OK        http://www.bluejean.fr/question-reponse.php
OK        http://www.bluejean.fr/alimentation-equilibre.php
OK        http://www.bluejean.fr/jouvence.php
OK        http://www.bluejean.fr/meilleur-regime.php
OK        http://www.bluejean.fr/aliments-amaigrissants.php
OK        http://www.bluejean.fr/poids-ideal.php

http://www.bluejean.fr/recettes/gateau-melon.php
------------------------------------------------
OK        http://www.bluejean.fr
OK        http://www.bluejean.fr/aliments/
OK        http://www.bluejean.fr/recettes/
OK        http://www.bluejean.fr/sante/
OK        http://www.bluejean.fr/index.php
OK        http://www.bluejean.fr/question-reponse.php
OK        http://www.bluejean.fr/alimentation-equilibre.php
OK        http://www.bluejean.fr/jouvence.php
OK        http://www.bluejean.fr/meilleur-regime.php
OK        http://www.bluejean.fr/aliments-amaigrissants.php
OK        http://www.bluejean.fr/poids-ideal.php

http://www.bluejean.fr/recettes/glace-pistache.php
--------------------------------------------------
OK        http://www.bluejean.fr
OK        http://www.bluejean.fr/aliments/
OK        http://www.bluejean.fr/recettes/
OK        http://www.bluejean.fr/sante/
OK        http://www.bluejean.fr/index.php
OK        http://www.bluejean.fr/question-reponse.php
OK        http://www.bluejean.fr/alimentation-equilibre.php
OK        http://www.bluejean.fr/jouvence.php
OK        http://www.bluejean.fr/meilleur-regime.php
OK        http://www.bluejean.fr/aliments-amaigrissants.php
OK        http://www.bluejean.fr/poids-ideal.php

http://www.bluejean.fr/recettes/hamburger-thon.php
--------------------------------------------------
OK        http://www.bluejean.fr
OK        http://www.bluejean.fr/aliments/
OK        http://www.bluejean.fr/recettes/
OK        http://www.bluejean.fr/sante/
OK        http://www.bluejean.fr/index.php
OK        http://www.bluejean.fr/question-reponse.php
OK        http://www.bluejean.fr/alimentation-equilibre.php
OK        http://www.bluejean.fr/jouvence.php
OK        http://www.bluejean.fr/meilleur-regime.php
OK        http://www.bluejean.fr/aliments-amaigrissants.php
OK        http://www.bluejean.fr/poids-ideal.php

http://www.bluejean.fr/recettes/lotte-tomate-ail.php
----------------------------------------------------
OK        http://www.bluejean.fr
OK        http://www.bluejean.fr/aliments/
OK        http://www.bluejean.fr/recettes/
OK        http://www.bluejean.fr/sante/
OK        http://www.bluejean.fr/index.php
OK        http://www.bluejean.fr/question-reponse.php
OK        http://www.bluejean.fr/alimentation-equilibre.php
OK        http://www.bluejean.fr/jouvence.php
OK        http://www.bluejean.fr/meilleur-regime.php
OK        http://www.bluejean.fr/aliments-amaigrissants.php
OK        http://www.bluejean.fr/poids-ideal.php

http://www.bluejean.fr/recettes/mille-feuille-fraise.php
--------------------------------------------------------
OK        http://www.bluejean.fr
OK        http://www.bluejean.fr/aliments/
OK        http://www.bluejean.fr/recettes/
OK        http://www.bluejean.fr/sante/
OK        http://www.bluejean.fr/index.php
OK        http://www.bluejean.fr/question-reponse.php
OK        http://www.bluejean.fr/alimentation-equilibre.php
OK        http://www.bluejean.fr/jouvence.php
OK        http://www.bluejean.fr/meilleur-regime.php
OK        http://www.bluejean.fr/aliments-amaigrissants.php
OK        http://www.bluejean.fr/poids-ideal.php
OK        http://www.bluejean.fr/recettes/creme-patissiere.php

http://www.bluejean.fr/recettes/moules-marinieres.php
-----------------------------------------------------
OK        http://www.bluejean.fr
OK        http://www.bluejean.fr/aliments/
OK        http://www.bluejean.fr/recettes/
OK        http://www.bluejean.fr/sante/
OK        http://www.bluejean.fr/index.php
OK        http://www.bluejean.fr/question-reponse.php
OK        http://www.bluejean.fr/alimentation-equilibre.php
OK        http://www.bluejean.fr/jouvence.php
OK        http://www.bluejean.fr/meilleur-regime.php
OK        http://www.bluejean.fr/aliments-amaigrissants.php
OK        http://www.bluejean.fr/poids-ideal.php

http://www.bluejean.fr/recettes/moules-riz.php
----------------------------------------------
OK        http://www.bluejean.fr
OK        http://www.bluejean.fr/aliments/
OK        http://www.bluejean.fr/recettes/
OK        http://www.bluejean.fr/sante/
OK        http://www.bluejean.fr/index.php
OK        http://www.bluejean.fr/question-reponse.php
OK        http://www.bluejean.fr/alimentation-equilibre.php
OK        http://www.bluejean.fr/jouvence.php
OK        http://www.bluejean.fr/meilleur-regime.php
OK        http://www.bluejean.fr/aliments-amaigrissants.php
OK        http://www.bluejean.fr/poids-ideal.php

http://www.bluejean.fr/recettes/oeuf-gratine.php
------------------------------------------------
OK        http://www.bluejean.fr
OK        http://www.bluejean.fr/aliments/
OK        http://www.bluejean.fr/recettes/
OK        http://www.bluejean.fr/sante/
OK        http://www.bluejean.fr/index.php
OK        http://www.bluejean.fr/question-reponse.php
OK        http://www.bluejean.fr/alimentation-equilibre.php
OK        http://www.bluejean.fr/jouvence.php
OK        http://www.bluejean.fr/meilleur-regime.php
OK        http://www.bluejean.fr/aliments-amaigrissants.php
OK        http://www.bluejean.fr/poids-ideal.php

http://www.bluejean.fr/recettes/omelette-basquaise.php
------------------------------------------------------
OK        http://www.bluejean.fr
OK        http://www.bluejean.fr/aliments/
OK        http://www.bluejean.fr/recettes/
OK        http://www.bluejean.fr/sante/
OK        http://www.bluejean.fr/index.php
OK        http://www.bluejean.fr/question-reponse.php
OK        http://www.bluejean.fr/alimentation-equilibre.php
OK        http://www.bluejean.fr/jouvence.php
OK        http://www.bluejean.fr/meilleur-regime.php
OK        http://www.bluejean.fr/aliments-amaigrissants.php
OK        http://www.bluejean.fr/poids-ideal.php

http://www.bluejean.fr/recettes/omelette-soufflee.php
-----------------------------------------------------
OK        http://www.bluejean.fr
OK        http://www.bluejean.fr/aliments/
OK        http://www.bluejean.fr/recettes/
OK        http://www.bluejean.fr/sante/
OK        http://www.bluejean.fr/index.php
OK        http://www.bluejean.fr/question-reponse.php
OK        http://www.bluejean.fr/alimentation-equilibre.php
OK        http://www.bluejean.fr/jouvence.php
OK        http://www.bluejean.fr/meilleur-regime.php
OK        http://www.bluejean.fr/aliments-amaigrissants.php
OK        http://www.bluejean.fr/poids-ideal.php

http://www.bluejean.fr/recettes/pain-chocolat.php
-------------------------------------------------
OK        http://www.bluejean.fr
OK        http://www.bluejean.fr/aliments/
OK        http://www.bluejean.fr/recettes/
OK        http://www.bluejean.fr/sante/
OK        http://www.bluejean.fr/index.php
OK        http://www.bluejean.fr/question-reponse.php
OK        http://www.bluejean.fr/alimentation-equilibre.php
OK        http://www.bluejean.fr/jouvence.php
OK        http://www.bluejean.fr/meilleur-regime.php
OK        http://www.bluejean.fr/aliments-amaigrissants.php
OK        http://www.bluejean.fr/poids-ideal.php

http://www.bluejean.fr/recettes/pates-al-dente.php
--------------------------------------------------
OK        http://www.bluejean.fr
OK        http://www.bluejean.fr/aliments/
OK        http://www.bluejean.fr/recettes/
OK        http://www.bluejean.fr/sante/
OK        http://www.bluejean.fr/index.php
OK        http://www.bluejean.fr/question-reponse.php
OK        http://www.bluejean.fr/alimentation-equilibre.php
OK        http://www.bluejean.fr/jouvence.php
OK        http://www.bluejean.fr/meilleur-regime.php
OK        http://www.bluejean.fr/aliments-amaigrissants.php
OK        http://www.bluejean.fr/poids-ideal.php

http://www.bluejean.fr/recettes/pates-legumes.php
-------------------------------------------------
OK        http://www.bluejean.fr
OK        http://www.bluejean.fr/aliments/
OK        http://www.bluejean.fr/recettes/
OK        http://www.bluejean.fr/sante/
OK        http://www.bluejean.fr/index.php
OK        http://www.bluejean.fr/question-reponse.php
OK        http://www.bluejean.fr/alimentation-equilibre.php
OK        http://www.bluejean.fr/jouvence.php
OK        http://www.bluejean.fr/meilleur-regime.php
OK        http://www.bluejean.fr/aliments-amaigrissants.php
OK        http://www.bluejean.fr/poids-ideal.php

http://www.bluejean.fr/recettes/pissaladiere-nicoise.php
--------------------------------------------------------
OK        http://www.bluejean.fr
OK        http://www.bluejean.fr/aliments/
OK        http://www.bluejean.fr/recettes/
OK        http://www.bluejean.fr/sante/
OK        http://www.bluejean.fr/index.php
OK        http://www.bluejean.fr/question-reponse.php
OK        http://www.bluejean.fr/alimentation-equilibre.php
OK        http://www.bluejean.fr/jouvence.php
OK        http://www.bluejean.fr/meilleur-regime.php
OK        http://www.bluejean.fr/aliments-amaigrissants.php
OK        http://www.bluejean.fr/poids-ideal.php

http://www.bluejean.fr/recettes/pizza-roquette.php
--------------------------------------------------
OK        http://www.bluejean.fr
OK        http://www.bluejean.fr/aliments/
OK        http://www.bluejean.fr/recettes/
OK        http://www.bluejean.fr/sante/
OK        http://www.bluejean.fr/index.php
OK        http://www.bluejean.fr/question-reponse.php
OK        http://www.bluejean.fr/alimentation-equilibre.php
OK        http://www.bluejean.fr/jouvence.php
OK        http://www.bluejean.fr/meilleur-regime.php
OK        http://www.bluejean.fr/aliments-amaigrissants.php
OK        http://www.bluejean.fr/poids-ideal.php

http://www.bluejean.fr/recettes/poisson-papillotes.php
------------------------------------------------------
OK        http://www.bluejean.fr
OK        http://www.bluejean.fr/aliments/
OK        http://www.bluejean.fr/recettes/
OK        http://www.bluejean.fr/sante/
OK        http://www.bluejean.fr/index.php
OK        http://www.bluejean.fr/question-reponse.php
OK        http://www.bluejean.fr/alimentation-equilibre.php
OK        http://www.bluejean.fr/jouvence.php
OK        http://www.bluejean.fr/meilleur-regime.php
OK        http://www.bluejean.fr/aliments-amaigrissants.php
OK        http://www.bluejean.fr/poids-ideal.php

http://www.bluejean.fr/recettes/poivron-epinard.php
---------------------------------------------------
OK        http://www.bluejean.fr
OK        http://www.bluejean.fr/aliments/
OK        http://www.bluejean.fr/recettes/
OK        http://www.bluejean.fr/sante/
OK        http://www.bluejean.fr/index.php
OK        http://www.bluejean.fr/question-reponse.php
OK        http://www.bluejean.fr/alimentation-equilibre.php
OK        http://www.bluejean.fr/jouvence.php
OK        http://www.bluejean.fr/meilleur-regime.php
OK        http://www.bluejean.fr/aliments-amaigrissants.php
OK        http://www.bluejean.fr/poids-ideal.php

http://www.bluejean.fr/recettes/pomme-de-terre-epices.php
---------------------------------------------------------
OK        http://www.bluejean.fr
OK        http://www.bluejean.fr/aliments/
OK        http://www.bluejean.fr/recettes/
OK        http://www.bluejean.fr/sante/
OK        http://www.bluejean.fr/index.php
OK        http://www.bluejean.fr/question-reponse.php
OK        http://www.bluejean.fr/alimentation-equilibre.php
OK        http://www.bluejean.fr/jouvence.php
OK        http://www.bluejean.fr/meilleur-regime.php
OK        http://www.bluejean.fr/aliments-amaigrissants.php
OK        http://www.bluejean.fr/poids-ideal.php

http://www.bluejean.fr/recettes/pomme-terre-fromage-blanc.php
-------------------------------------------------------------
OK        http://www.bluejean.fr
OK        http://www.bluejean.fr/aliments/
OK        http://www.bluejean.fr/recettes/
OK        http://www.bluejean.fr/sante/
OK        http://www.bluejean.fr/index.php
OK        http://www.bluejean.fr/question-reponse.php
OK        http://www.bluejean.fr/alimentation-equilibre.php
OK        http://www.bluejean.fr/jouvence.php
OK        http://www.bluejean.fr/meilleur-regime.php
OK        http://www.bluejean.fr/aliments-amaigrissants.php
OK        http://www.bluejean.fr/poids-ideal.php

http://www.bluejean.fr/recettes/potiron-chataigne.php
-----------------------------------------------------
OK        http://www.bluejean.fr
OK        http://www.bluejean.fr/aliments/
OK        http://www.bluejean.fr/recettes/
OK        http://www.bluejean.fr/sante/
OK        http://www.bluejean.fr/index.php
OK        http://www.bluejean.fr/question-reponse.php
OK        http://www.bluejean.fr/alimentation-equilibre.php
OK        http://www.bluejean.fr/jouvence.php
OK        http://www.bluejean.fr/meilleur-regime.php
OK        http://www.bluejean.fr/aliments-amaigrissants.php
OK        http://www.bluejean.fr/poids-ideal.php

http://www.bluejean.fr/recettes/poulet-oignon.php
-------------------------------------------------
OK        http://www.bluejean.fr
OK        http://www.bluejean.fr/aliments/
OK        http://www.bluejean.fr/recettes/
OK        http://www.bluejean.fr/sante/
OK        http://www.bluejean.fr/index.php
OK        http://www.bluejean.fr/question-reponse.php
OK        http://www.bluejean.fr/alimentation-equilibre.php
OK        http://www.bluejean.fr/jouvence.php
OK        http://www.bluejean.fr/meilleur-regime.php
OK        http://www.bluejean.fr/aliments-amaigrissants.php
OK        http://www.bluejean.fr/poids-ideal.php

http://www.bluejean.fr/recettes/ratatouille.php
-----------------------------------------------
OK        http://www.bluejean.fr
OK        http://www.bluejean.fr/aliments/
OK        http://www.bluejean.fr/recettes/
OK        http://www.bluejean.fr/sante/
OK        http://www.bluejean.fr/index.php
OK        http://www.bluejean.fr/question-reponse.php
OK        http://www.bluejean.fr/alimentation-equilibre.php
OK        http://www.bluejean.fr/jouvence.php
OK        http://www.bluejean.fr/meilleur-regime.php
OK        http://www.bluejean.fr/aliments-amaigrissants.php
OK        http://www.bluejean.fr/poids-ideal.php

http://www.bluejean.fr/recettes/risotto-legumes.php
---------------------------------------------------
OK        http://www.bluejean.fr
OK        http://www.bluejean.fr/aliments/
OK        http://www.bluejean.fr/recettes/
OK        http://www.bluejean.fr/sante/
OK        http://www.bluejean.fr/index.php
OK        http://www.bluejean.fr/question-reponse.php
OK        http://www.bluejean.fr/alimentation-equilibre.php
OK        http://www.bluejean.fr/jouvence.php
OK        http://www.bluejean.fr/meilleur-regime.php
OK        http://www.bluejean.fr/aliments-amaigrissants.php
OK        http://www.bluejean.fr/poids-ideal.php

http://www.bluejean.fr/recettes/riz-au-lait.php
-----------------------------------------------
OK        http://www.bluejean.fr
OK        http://www.bluejean.fr/aliments/
OK        http://www.bluejean.fr/recettes/
OK        http://www.bluejean.fr/sante/
OK        http://www.bluejean.fr/index.php
OK        http://www.bluejean.fr/question-reponse.php
OK        http://www.bluejean.fr/alimentation-equilibre.php
OK        http://www.bluejean.fr/jouvence.php
OK        http://www.bluejean.fr/meilleur-regime.php
OK        http://www.bluejean.fr/aliments-amaigrissants.php
OK        http://www.bluejean.fr/poids-ideal.php

http://www.bluejean.fr/recettes/salade-des-vignerons.php
--------------------------------------------------------
OK        http://www.bluejean.fr
OK        http://www.bluejean.fr/aliments/
OK        http://www.bluejean.fr/recettes/
OK        http://www.bluejean.fr/sante/
OK        http://www.bluejean.fr/index.php
OK        http://www.bluejean.fr/question-reponse.php
OK        http://www.bluejean.fr/alimentation-equilibre.php
OK        http://www.bluejean.fr/jouvence.php
OK        http://www.bluejean.fr/meilleur-regime.php
OK        http://www.bluejean.fr/aliments-amaigrissants.php
OK        http://www.bluejean.fr/poids-ideal.php

http://www.bluejean.fr/recettes/sardine-sicilienne.php
------------------------------------------------------
OK        http://www.bluejean.fr
OK        http://www.bluejean.fr/aliments/
OK        http://www.bluejean.fr/recettes/
OK        http://www.bluejean.fr/sante/
OK        http://www.bluejean.fr/index.php
OK        http://www.bluejean.fr/question-reponse.php
OK        http://www.bluejean.fr/alimentation-equilibre.php
OK        http://www.bluejean.fr/jouvence.php
OK        http://www.bluejean.fr/meilleur-regime.php
OK        http://www.bluejean.fr/aliments-amaigrissants.php
OK        http://www.bluejean.fr/poids-ideal.php

http://www.bluejean.fr/recettes/sauce-blanche.php
-------------------------------------------------
OK        http://www.bluejean.fr
OK        http://www.bluejean.fr/aliments/
OK        http://www.bluejean.fr/recettes/
OK        http://www.bluejean.fr/sante/
OK        http://www.bluejean.fr/index.php
OK        http://www.bluejean.fr/question-reponse.php
OK        http://www.bluejean.fr/alimentation-equilibre.php
OK        http://www.bluejean.fr/jouvence.php
OK        http://www.bluejean.fr/meilleur-regime.php
OK        http://www.bluejean.fr/aliments-amaigrissants.php
OK        http://www.bluejean.fr/poids-ideal.php

http://www.bluejean.fr/recettes/saumon-erable-soja.php
------------------------------------------------------
OK        http://www.bluejean.fr
OK        http://www.bluejean.fr/aliments/
OK        http://www.bluejean.fr/recettes/
OK        http://www.bluejean.fr/sante/
OK        http://www.bluejean.fr/index.php
OK        http://www.bluejean.fr/question-reponse.php
OK        http://www.bluejean.fr/alimentation-equilibre.php
OK        http://www.bluejean.fr/jouvence.php
OK        http://www.bluejean.fr/meilleur-regime.php
OK        http://www.bluejean.fr/aliments-amaigrissants.php
OK        http://www.bluejean.fr/poids-ideal.php

http://www.bluejean.fr/recettes/saumon-mangue.php
-------------------------------------------------
OK        http://www.bluejean.fr
OK        http://www.bluejean.fr/aliments/
OK        http://www.bluejean.fr/recettes/
OK        http://www.bluejean.fr/sante/
OK        http://www.bluejean.fr/index.php
OK        http://www.bluejean.fr/question-reponse.php
OK        http://www.bluejean.fr/alimentation-equilibre.php
OK        http://www.bluejean.fr/jouvence.php
OK        http://www.bluejean.fr/meilleur-regime.php
OK        http://www.bluejean.fr/aliments-amaigrissants.php
OK        http://www.bluejean.fr/poids-ideal.php

http://www.bluejean.fr/recettes/saumon-poireau.php
--------------------------------------------------
OK        http://www.bluejean.fr
OK        http://www.bluejean.fr/aliments/
OK        http://www.bluejean.fr/recettes/
OK        http://www.bluejean.fr/sante/
OK        http://www.bluejean.fr/index.php
OK        http://www.bluejean.fr/question-reponse.php
OK        http://www.bluejean.fr/alimentation-equilibre.php
OK        http://www.bluejean.fr/jouvence.php
OK        http://www.bluejean.fr/meilleur-regime.php
OK        http://www.bluejean.fr/aliments-amaigrissants.php
OK        http://www.bluejean.fr/poids-ideal.php

http://www.bluejean.fr/recettes/saute-de-porc.php
-------------------------------------------------
OK        http://www.bluejean.fr
OK        http://www.bluejean.fr/aliments/
OK        http://www.bluejean.fr/recettes/
OK        http://www.bluejean.fr/sante/
OK        http://www.bluejean.fr/index.php
OK        http://www.bluejean.fr/question-reponse.php
OK        http://www.bluejean.fr/alimentation-equilibre.php
OK        http://www.bluejean.fr/jouvence.php
OK        http://www.bluejean.fr/meilleur-regime.php
OK        http://www.bluejean.fr/aliments-amaigrissants.php
OK        http://www.bluejean.fr/poids-ideal.php

http://www.bluejean.fr/recettes/soupe-chinoise-crevettes.php
------------------------------------------------------------
OK        http://www.bluejean.fr
OK        http://www.bluejean.fr/aliments/
OK        http://www.bluejean.fr/recettes/
OK        http://www.bluejean.fr/sante/
OK        http://www.bluejean.fr/index.php
OK        http://www.bluejean.fr/question-reponse.php
OK        http://www.bluejean.fr/alimentation-equilibre.php
OK        http://www.bluejean.fr/jouvence.php
OK        http://www.bluejean.fr/meilleur-regime.php
OK        http://www.bluejean.fr/aliments-amaigrissants.php
OK        http://www.bluejean.fr/poids-ideal.php

http://www.bluejean.fr/recettes/soupe-choux.php
-----------------------------------------------
OK        http://www.bluejean.fr
OK        http://www.bluejean.fr/aliments/
OK        http://www.bluejean.fr/recettes/
OK        http://www.bluejean.fr/sante/
OK        http://www.bluejean.fr/index.php
OK        http://www.bluejean.fr/question-reponse.php
OK        http://www.bluejean.fr/alimentation-equilibre.php
OK        http://www.bluejean.fr/jouvence.php
OK        http://www.bluejean.fr/meilleur-regime.php
OK        http://www.bluejean.fr/aliments-amaigrissants.php
OK        http://www.bluejean.fr/poids-ideal.php

http://www.bluejean.fr/recettes/soupe-concombre.php
---------------------------------------------------
OK        http://www.bluejean.fr
OK        http://www.bluejean.fr/aliments/
OK        http://www.bluejean.fr/recettes/
OK        http://www.bluejean.fr/sante/
OK        http://www.bluejean.fr/index.php
OK        http://www.bluejean.fr/question-reponse.php
OK        http://www.bluejean.fr/alimentation-equilibre.php
OK        http://www.bluejean.fr/jouvence.php
OK        http://www.bluejean.fr/meilleur-regime.php
OK        http://www.bluejean.fr/aliments-amaigrissants.php
OK        http://www.bluejean.fr/poids-ideal.php

http://www.bluejean.fr/recettes/soupe-tomates.php
-------------------------------------------------
OK        http://www.bluejean.fr
OK        http://www.bluejean.fr/aliments/
OK        http://www.bluejean.fr/recettes/
OK        http://www.bluejean.fr/sante/
OK        http://www.bluejean.fr/index.php
OK        http://www.bluejean.fr/question-reponse.php
OK        http://www.bluejean.fr/alimentation-equilibre.php
OK        http://www.bluejean.fr/jouvence.php
OK        http://www.bluejean.fr/meilleur-regime.php
OK        http://www.bluejean.fr/aliments-amaigrissants.php
OK        http://www.bluejean.fr/poids-ideal.php

http://www.bluejean.fr/recettes/steak-frites.php
------------------------------------------------
OK        http://www.bluejean.fr
OK        http://www.bluejean.fr/aliments/
OK        http://www.bluejean.fr/recettes/
OK        http://www.bluejean.fr/sante/
OK        http://www.bluejean.fr/index.php
OK        http://www.bluejean.fr/question-reponse.php
OK        http://www.bluejean.fr/alimentation-equilibre.php
OK        http://www.bluejean.fr/jouvence.php
OK        http://www.bluejean.fr/meilleur-regime.php
OK        http://www.bluejean.fr/aliments-amaigrissants.php
OK        http://www.bluejean.fr/poids-ideal.php

http://www.bluejean.fr/recettes/tarte-citron.php
------------------------------------------------
OK        http://www.bluejean.fr
OK        http://www.bluejean.fr/aliments/
OK        http://www.bluejean.fr/recettes/
OK        http://www.bluejean.fr/sante/
OK        http://www.bluejean.fr/index.php
OK        http://www.bluejean.fr/question-reponse.php
OK        http://www.bluejean.fr/alimentation-equilibre.php
OK        http://www.bluejean.fr/jouvence.php
OK        http://www.bluejean.fr/meilleur-regime.php
OK        http://www.bluejean.fr/aliments-amaigrissants.php
OK        http://www.bluejean.fr/poids-ideal.php

http://www.bluejean.fr/recettes/tarte-normande.php
--------------------------------------------------
OK        http://www.bluejean.fr
OK        http://www.bluejean.fr/aliments/
OK        http://www.bluejean.fr/recettes/
OK        http://www.bluejean.fr/sante/
OK        http://www.bluejean.fr/index.php
OK        http://www.bluejean.fr/question-reponse.php
OK        http://www.bluejean.fr/alimentation-equilibre.php
OK        http://www.bluejean.fr/jouvence.php
OK        http://www.bluejean.fr/meilleur-regime.php
OK        http://www.bluejean.fr/aliments-amaigrissants.php
OK        http://www.bluejean.fr/poids-ideal.php

http://www.bluejean.fr/recettes/thon-artichaut.php
--------------------------------------------------
OK        http://www.bluejean.fr
OK        http://www.bluejean.fr/aliments/
OK        http://www.bluejean.fr/recettes/
OK        http://www.bluejean.fr/sante/
OK        http://www.bluejean.fr/index.php
OK        http://www.bluejean.fr/question-reponse.php
OK        http://www.bluejean.fr/alimentation-equilibre.php
OK        http://www.bluejean.fr/jouvence.php
OK        http://www.bluejean.fr/meilleur-regime.php
OK        http://www.bluejean.fr/aliments-amaigrissants.php
OK        http://www.bluejean.fr/poids-ideal.php

http://www.bluejean.fr/sante/
-----------------------------
OK        http://www.bluejean.fr
OK        http://www.bluejean.fr/aliments/
OK        http://www.bluejean.fr/recettes/
OK        http://www.bluejean.fr/sante/
OK        http://www.bluejean.fr/
OK        http://www.bluejean.fr/question-reponse.php
OK        http://www.bluejean.fr/sante/acides-gras-trans.php
OK        http://www.bluejean.fr/sante/cancer.php
OK        http://www.bluejean.fr/sante/cigarette.php
OK        http://www.bluejean.fr/sante/migraine-maux-de-tete.php
OK        http://www.bluejean.fr/sante/wi-fi-troubles.php
OK        http://www.bluejean.fr/sante/rhume-anti-inflammatoire-naturels.php
OK        http://www.bluejean.fr/sante/ph-acide.php
OK        http://www.bluejean.fr/sante/sport-et-sante.php
OK        http://www.bluejean.fr/alimentation-equilibre.php
OK        http://www.bluejean.fr/aliment-couleur.php
OK        http://www.bluejean.fr/meilleur-regime.php
OK        http://www.bluejean.fr/aliments-amaigrissants.php
OK        http://www.scriptol.fr
OK        http://www.bluejean.fr/sante/wii-fit-fitness.php
OK        http://www.bluejean.fr/sante/alimentation-cancer.php
OK        http://www.bluejean.fr/sante/sport-et-sante.php
OK        http://www.bluejean.fr/sante/hydratation-excessive.php
OK        http://www.bluejean.fr/sante/ph-acide.php
OK        http://www.bluejean.fr/sante/rhume-anti-inflammatoire-naturels.php
OK        http://www.bluejean.fr/sante/migraine-maux-de-tete.php
OK        http://www.bluejean.fr/sante/acides-gras-trans.php
OK        http://www.bluejean.fr/sante/cancer.php
OK        http://www.bluejean.fr/sante/cigarette.php
OK        http://www.bluejean.fr/sante/google-docteur.php

http://www.bluejean.fr/
-----------------------
OK        http://www.bluejean.fr
OK        http://www.bluejean.fr/aliments/
OK        http://www.bluejean.fr/recettes/
OK        http://www.bluejean.fr/sante/
OK        http://www.bluejean.fr/index.php
OK        http://www.bluejean.fr/question-reponse.php
OK        http://www.bluejean.fr/alimentation-equilibre.php
OK        http://www.bluejean.fr/jouvence.php
OK        http://www.bluejean.fr/meilleur-regime.php
OK        http://www.bluejean.fr/aliments-amaigrissants.php
OK        http://www.bluejean.fr/sante/acides-gras-trans.php
OK        http://www.bluejean.fr/sante/migraine-maux-de-tete.php
OK        http://www.bluejean.fr/poids-ideal.php
OK        http://www.scriptol.fr
OK        http://www.bluejean.fr/groupes-alimentaires.php
OK        http://www.bluejean.fr/vitamines.php
OK        http://www.bluejean.fr/mineraux.php
OK        http://www.bluejean.fr/aliment-couleur.php
OK        http://www.bluejean.fr/recette-nutrition.php
OK        http://www.bluejean.fr/meilleur-regime.php
OK        http://www.bluejean.fr/aliments-amaigrissants.php
OK        http://www.bluejean.fr/poids-ideal.php
OK        http://www.bluejean.fr/sante/migraine-maux-de-tete.php
OK        http://www.bluejean.fr/sante/cancer.php
OK        http://www.bluejean.fr/jouvence.php
OK        http://www.bluejean.fr/sante/acides-gras-trans.php
OK        http://www.bluejean.fr/sante/rhume-anti-inflammatoire-naturels.php
OK        http://www.bluejean.fr/sante/ph-acide.php
OK        http://www.bluejean.fr/sante/alimentation-cancer.php
OK        http://www.bluejean.fr/nutrition/regime-supprimer-faim.php
OK        http://www.bluejean.fr/nutrition/renouvellement-cellulaire-alimentation.php
OK        http://www.bluejean.fr/aliments/pomme-ariane.php
OK        http://www.bluejean.fr/aliments/pruneau.php
OK        http://www.bluejean.fr/aliments/chataigne.php
OK        http://www.bluejean.fr/aliments/raisin.php
OK        http://www.bluejean.fr/aliments/citrouille.php
OK        http://www.bluejean.fr/aliments/saumon.php
OK        http://www.bluejean.fr/minceur/air-procure-la-satiete.php
OK        http://www.bluejean.fr/cosmetique/venin-anti-ride.php
OK        http://www.bluejean.fr/sante/wii-fit-fitness.php
OK        http://www.bluejean.fr/cosmetique/cosmetique-bio.php
OK        http://www.bluejean.fr/sante/sport-et-sante.php
OK        http://www.bluejean.fr/sante/wi-fi-troubles.php
OK        http://www.bluejean.fr/dick-amphetamine.php
OK        http://www.bluejean.fr/blue-jeans.php
OK        http://www.bluejean.fr/couleur-bleue.php
OK        http://www.bluejean.fr/nutrition-asimoz.php
OK        http://www.bluejean.fr/rss.xml

http://www.bluejean.fr/sante/cigarette.php
------------------------------------------
OK        http://www.bluejean.fr
OK        http://www.bluejean.fr/aliments/
OK        http://www.bluejean.fr/recettes/
OK        http://www.bluejean.fr/sante/
OK        http://www.bluejean.fr/
OK        http://www.bluejean.fr/question-reponse.php
OK        http://www.bluejean.fr/sante/acides-gras-trans.php
OK        http://www.bluejean.fr/sante/cancer.php
OK        http://www.bluejean.fr/sante/cigarette.php
OK        http://www.bluejean.fr/sante/migraine-maux-de-tete.php
OK        http://www.bluejean.fr/sante/wi-fi-troubles.php
OK        http://www.bluejean.fr/sante/rhume-anti-inflammatoire-naturels.php
OK        http://www.bluejean.fr/sante/ph-acide.php
OK        http://www.bluejean.fr/sante/sport-et-sante.php
OK        http://www.bluejean.fr/alimentation-equilibre.php
OK        http://www.bluejean.fr/aliment-couleur.php
OK        http://www.bluejean.fr/meilleur-regime.php
OK        http://www.bluejean.fr/aliments-amaigrissants.php
OK        http://www.scriptol.fr

http://www.bluejean.fr/sante/hydratation-excessive.php
------------------------------------------------------
OK        http://www.bluejean.fr
OK        http://www.bluejean.fr/aliments/
OK        http://www.bluejean.fr/recettes/
OK        http://www.bluejean.fr/sante/
OK        http://www.bluejean.fr/
OK        http://www.bluejean.fr/question-reponse.php
OK        http://www.bluejean.fr/sante/acides-gras-trans.php
OK        http://www.bluejean.fr/sante/cancer.php
OK        http://www.bluejean.fr/sante/cigarette.php
OK        http://www.bluejean.fr/sante/migraine-maux-de-tete.php
OK        http://www.bluejean.fr/sante/wi-fi-troubles.php
OK        http://www.bluejean.fr/sante/rhume-anti-inflammatoire-naturels.php
OK        http://www.bluejean.fr/sante/ph-acide.php
OK        http://www.bluejean.fr/sante/sport-et-sante.php
OK        http://www.bluejean.fr/alimentation-equilibre.php
OK        http://www.bluejean.fr/aliment-couleur.php
OK        http://www.bluejean.fr/meilleur-regime.php
OK        http://www.bluejean.fr/aliments-amaigrissants.php
OK        http://www.scriptol.fr

http://www.bluejean.fr/sante/google-docteur.php
-----------------------------------------------
OK        http://www.bluejean.fr
OK        http://www.bluejean.fr/aliments/
OK        http://www.bluejean.fr/recettes/
OK        http://www.bluejean.fr/sante/
OK        http://www.bluejean.fr/
OK        http://www.bluejean.fr/question-reponse.php
OK        http://www.bluejean.fr/sante/acides-gras-trans.php
OK        http://www.bluejean.fr/sante/cancer.php
OK        http://www.bluejean.fr/sante/cigarette.php
OK        http://www.bluejean.fr/sante/migraine-maux-de-tete.php
OK        http://www.bluejean.fr/sante/wi-fi-troubles.php
OK        http://www.bluejean.fr/sante/rhume-anti-inflammatoire-naturels.php
OK        http://www.bluejean.fr/sante/ph-acide.php
OK        http://www.bluejean.fr/sante/sport-et-sante.php
OK        http://www.bluejean.fr/alimentation-equilibre.php
OK        http://www.bluejean.fr/aliment-couleur.php
OK        http://www.bluejean.fr/meilleur-regime.php
OK        http://www.bluejean.fr/aliments-amaigrissants.php
OK        http://www.scriptol.fr
OK        http://www.bmj.com

http://www.bluejean.fr/question-reponse.php
-------------------------------------------
OK        http://www.bluejean.fr
OK        http://www.bluejean.fr/aliments/
OK        http://www.bluejean.fr/recettes/
OK        http://www.bluejean.fr/sante/
OK        http://www.bluejean.fr/index.php
OK        http://www.bluejean.fr/question-reponse.php
OK        http://www.bluejean.fr/alimentation-equilibre.php
OK        http://www.bluejean.fr/jouvence.php
OK        http://www.bluejean.fr/meilleur-regime.php
OK        http://www.bluejean.fr/aliments-amaigrissants.php
OK        http://www.bluejean.fr/sante/acides-gras-trans.php
OK        http://www.bluejean.fr/sante/migraine-maux-de-tete.php
OK        http://www.bluejean.fr/poids-ideal.php
OK        http://www.scriptol.fr
OK        http://www.reseaucmi.com/index.php?option=com_content&task=view&id=8985&Itemid=54

http://www.bluejean.fr/alimentation-equilibre.php
-------------------------------------------------
OK        http://www.bluejean.fr
OK        http://www.bluejean.fr/aliments/
OK        http://www.bluejean.fr/recettes/
OK        http://www.bluejean.fr/sante/
OK        http://www.bluejean.fr/index.php
OK        http://www.bluejean.fr/question-reponse.php
OK        http://www.bluejean.fr/alimentation-equilibre.php
OK        http://www.bluejean.fr/jouvence.php
OK        http://www.bluejean.fr/meilleur-regime.php
OK        http://www.bluejean.fr/aliments-amaigrissants.php
OK        http://www.bluejean.fr/sante/acides-gras-trans.php
OK        http://www.bluejean.fr/sante/migraine-maux-de-tete.php
OK        http://www.bluejean.fr/poids-ideal.php
OK        http://www.scriptol.fr

http://www.bluejean.fr/jouvence.php
-----------------------------------
OK        http://www.bluejean.fr
OK        http://www.bluejean.fr/aliments/
OK        http://www.bluejean.fr/recettes/
OK        http://www.bluejean.fr/sante/
OK        http://www.bluejean.fr/index.php
OK        http://www.bluejean.fr/question-reponse.php
OK        http://www.bluejean.fr/alimentation-equilibre.php
OK        http://www.bluejean.fr/jouvence.php
OK        http://www.bluejean.fr/meilleur-regime.php
OK        http://www.bluejean.fr/aliments-amaigrissants.php
OK        http://www.bluejean.fr/sante/acides-gras-trans.php
OK        http://www.bluejean.fr/sante/migraine-maux-de-tete.php
OK        http://www.bluejean.fr/poids-ideal.php
OK        http://www.scriptol.fr

http://www.bluejean.fr/meilleur-regime.php
------------------------------------------
OK        http://www.bluejean.fr
OK        http://www.bluejean.fr/aliments/
OK        http://www.bluejean.fr/recettes/
OK        http://www.bluejean.fr/sante/
OK        http://www.bluejean.fr/index.php
OK        http://www.bluejean.fr/question-reponse.php
OK        http://www.bluejean.fr/alimentation-equilibre.php
OK        http://www.bluejean.fr/jouvence.php
OK        http://www.bluejean.fr/meilleur-regime.php
OK        http://www.bluejean.fr/aliments-amaigrissants.php
OK        http://www.bluejean.fr/sante/acides-gras-trans.php
OK        http://www.bluejean.fr/sante/migraine-maux-de-tete.php
OK        http://www.bluejean.fr/poids-ideal.php
OK        http://www.scriptol.fr
OK        http://www.bluejean.fr/poids-ideal.php
OK        http://www.montignac.com/fr/la_methode_concept.php
OK        http://www.bluejean.fr/regime-substitution.php

http://www.bluejean.fr/regime-substitution.php
----------------------------------------------
OK        http://www.bluejean.fr
OK        http://www.bluejean.fr/aliments/
OK        http://www.bluejean.fr/recettes/
OK        http://www.bluejean.fr/sante/
OK        http://www.bluejean.fr/index.php
OK        http://www.bluejean.fr/question-reponse.php
OK        http://www.bluejean.fr/alimentation-equilibre.php
OK        http://www.bluejean.fr/jouvence.php
OK        http://www.bluejean.fr/meilleur-regime.php
OK        http://www.bluejean.fr/aliments-amaigrissants.php
OK        http://www.bluejean.fr/sante/acides-gras-trans.php
OK        http://www.bluejean.fr/sante/migraine-maux-de-tete.php
OK        http://www.bluejean.fr/poids-ideal.php
OK        http://www.scriptol.fr

http://www.bluejean.fr/aliments-amaigrissants.php
-------------------------------------------------
OK        http://www.bluejean.fr
OK        http://www.bluejean.fr/aliments/
OK        http://www.bluejean.fr/recettes/
OK        http://www.bluejean.fr/sante/
OK        http://www.bluejean.fr/index.php
OK        http://www.bluejean.fr/question-reponse.php
OK        http://www.bluejean.fr/alimentation-equilibre.php
OK        http://www.bluejean.fr/jouvence.php
OK        http://www.bluejean.fr/meilleur-regime.php
OK        http://www.bluejean.fr/aliments-amaigrissants.php
OK        http://www.bluejean.fr/sante/acides-gras-trans.php
OK        http://www.bluejean.fr/sante/migraine-maux-de-tete.php
OK        http://www.bluejean.fr/poids-ideal.php
OK        http://www.scriptol.fr
Redirect  http://www.bluejean.fr/raisin.php

http://www.bluejean.fr/sante/acides-gras-trans.php
--------------------------------------------------
OK        http://www.bluejean.fr
OK        http://www.bluejean.fr/aliments/
OK        http://www.bluejean.fr/recettes/
OK        http://www.bluejean.fr/sante/
OK        http://www.bluejean.fr/
OK        http://www.bluejean.fr/question-reponse.php
OK        http://www.bluejean.fr/sante/acides-gras-trans.php
OK        http://www.bluejean.fr/sante/cancer.php
OK        http://www.bluejean.fr/sante/cigarette.php
OK        http://www.bluejean.fr/sante/migraine-maux-de-tete.php
OK        http://www.bluejean.fr/sante/wi-fi-troubles.php
OK        http://www.bluejean.fr/sante/rhume-anti-inflammatoire-naturels.php
OK        http://www.bluejean.fr/sante/ph-acide.php
OK        http://www.bluejean.fr/sante/sport-et-sante.php
OK        http://www.bluejean.fr/alimentation-equilibre.php
OK        http://www.bluejean.fr/aliment-couleur.php
OK        http://www.bluejean.fr/meilleur-regime.php
OK        http://www.bluejean.fr/aliments-amaigrissants.php
OK        http://www.scriptol.fr

http://www.bluejean.fr/sante/migraine-maux-de-tete.php
------------------------------------------------------
OK        http://www.bluejean.fr
OK        http://www.bluejean.fr/aliments/
OK        http://www.bluejean.fr/recettes/
OK        http://www.bluejean.fr/sante/
OK        http://www.bluejean.fr/
OK        http://www.bluejean.fr/question-reponse.php
OK        http://www.bluejean.fr/sante/acides-gras-trans.php
OK        http://www.bluejean.fr/sante/cancer.php
OK        http://www.bluejean.fr/sante/cigarette.php
OK        http://www.bluejean.fr/sante/migraine-maux-de-tete.php
OK        http://www.bluejean.fr/sante/wi-fi-troubles.php
OK        http://www.bluejean.fr/sante/rhume-anti-inflammatoire-naturels.php
OK        http://www.bluejean.fr/sante/ph-acide.php
OK        http://www.bluejean.fr/sante/sport-et-sante.php
OK        http://www.bluejean.fr/alimentation-equilibre.php
OK        http://www.bluejean.fr/aliment-couleur.php
OK        http://www.bluejean.fr/meilleur-regime.php
OK        http://www.bluejean.fr/aliments-amaigrissants.php
OK        http://www.scriptol.fr
OK        http://www.bluejean.fr/sante/rhume-anti-inflammatoire-naturels.php

http://www.bluejean.fr/poids-ideal.php
--------------------------------------
OK        http://www.bluejean.fr
OK        http://www.bluejean.fr/aliments/
OK        http://www.bluejean.fr/recettes/
OK        http://www.bluejean.fr/sante/
OK        http://www.bluejean.fr/index.php
OK        http://www.bluejean.fr/question-reponse.php
OK        http://www.bluejean.fr/alimentation-equilibre.php
OK        http://www.bluejean.fr/jouvence.php
OK        http://www.bluejean.fr/meilleur-regime.php
OK        http://www.bluejean.fr/aliments-amaigrissants.php
OK        http://www.bluejean.fr/sante/acides-gras-trans.php
OK        http://www.bluejean.fr/sante/migraine-maux-de-tete.php
OK        http://www.bluejean.fr/poids-ideal.php
OK        http://www.scriptol.fr
OK        http://www.anaa.eu

http://www.bluejean.fr/groupes-alimentaires.php
-----------------------------------------------
OK        http://www.bluejean.fr
OK        http://www.bluejean.fr/aliments/
OK        http://www.bluejean.fr/recettes/
OK        http://www.bluejean.fr/sante/
OK        http://www.bluejean.fr/index.php
OK        http://www.bluejean.fr/question-reponse.php
OK        http://www.bluejean.fr/alimentation-equilibre.php
OK        http://www.bluejean.fr/jouvence.php
OK        http://www.bluejean.fr/meilleur-regime.php
OK        http://www.bluejean.fr/aliments-amaigrissants.php
OK        http://www.bluejean.fr/sante/acides-gras-trans.php
OK        http://www.bluejean.fr/sante/migraine-maux-de-tete.php
OK        http://www.bluejean.fr/poids-ideal.php
OK        http://www.scriptol.fr

http://www.bluejean.fr/vitamines.php
------------------------------------
OK        http://www.bluejean.fr
OK        http://www.bluejean.fr/aliments/
OK        http://www.bluejean.fr/recettes/
OK        http://www.bluejean.fr/sante/
OK        http://www.bluejean.fr/index.php
OK        http://www.bluejean.fr/question-reponse.php
OK        http://www.bluejean.fr/alimentation-equilibre.php
OK        http://www.bluejean.fr/jouvence.php
OK        http://www.bluejean.fr/meilleur-regime.php
OK        http://www.bluejean.fr/aliments-amaigrissants.php
OK        http://www.bluejean.fr/sante/acides-gras-trans.php
OK        http://www.bluejean.fr/sante/migraine-maux-de-tete.php
OK        http://www.bluejean.fr/poids-ideal.php
OK        http://www.scriptol.fr

http://www.bluejean.fr/mineraux.php
-----------------------------------
OK        http://www.bluejean.fr
OK        http://www.bluejean.fr/aliments/
OK        http://www.bluejean.fr/recettes/
OK        http://www.bluejean.fr/sante/
OK        http://www.bluejean.fr/index.php
OK        http://www.bluejean.fr/question-reponse.php
OK        http://www.bluejean.fr/alimentation-equilibre.php
OK        http://www.bluejean.fr/jouvence.php
OK        http://www.bluejean.fr/meilleur-regime.php
OK        http://www.bluejean.fr/aliments-amaigrissants.php
OK        http://www.bluejean.fr/sante/acides-gras-trans.php
OK        http://www.bluejean.fr/sante/migraine-maux-de-tete.php
OK        http://www.bluejean.fr/poids-ideal.php
OK        http://www.scriptol.fr

http://www.bluejean.fr/aliment-couleur.php
------------------------------------------
OK        http://www.bluejean.fr
OK        http://www.bluejean.fr/aliments/
OK        http://www.bluejean.fr/recettes/
OK        http://www.bluejean.fr/sante/
OK        http://www.bluejean.fr/index.php
OK        http://www.bluejean.fr/question-reponse.php
OK        http://www.bluejean.fr/alimentation-equilibre.php
OK        http://www.bluejean.fr/jouvence.php
OK        http://www.bluejean.fr/meilleur-regime.php
OK        http://www.bluejean.fr/aliments-amaigrissants.php
OK        http://www.bluejean.fr/sante/acides-gras-trans.php
OK        http://www.bluejean.fr/sante/migraine-maux-de-tete.php
OK        http://www.bluejean.fr/poids-ideal.php
OK        http://www.scriptol.fr

http://www.bluejean.fr/recette-nutrition.php
--------------------------------------------
OK        http://www.bluejean.fr
OK        http://www.bluejean.fr/aliments/
OK        http://www.bluejean.fr/recettes/
OK        http://www.bluejean.fr/sante/
OK        http://www.bluejean.fr/index.php
OK        http://www.bluejean.fr/question-reponse.php
OK        http://www.bluejean.fr/alimentation-equilibre.php
OK        http://www.bluejean.fr/jouvence.php
OK        http://www.bluejean.fr/meilleur-regime.php
OK        http://www.bluejean.fr/aliments-amaigrissants.php
OK        http://www.bluejean.fr/sante/acides-gras-trans.php
OK        http://www.bluejean.fr/sante/migraine-maux-de-tete.php
OK        http://www.bluejean.fr/poids-ideal.php
OK        http://www.scriptol.fr
OK        http://www.bluejean.fr/recettes/index.php

http://www.bluejean.fr/sante/cancer.php
---------------------------------------
OK        http://www.bluejean.fr
OK        http://www.bluejean.fr/aliments/
OK        http://www.bluejean.fr/recettes/
OK        http://www.bluejean.fr/sante/
OK        http://www.bluejean.fr/
OK        http://www.bluejean.fr/question-reponse.php
OK        http://www.bluejean.fr/sante/acides-gras-trans.php
OK        http://www.bluejean.fr/sante/cancer.php
OK        http://www.bluejean.fr/sante/cigarette.php
OK        http://www.bluejean.fr/sante/migraine-maux-de-tete.php
OK        http://www.bluejean.fr/sante/wi-fi-troubles.php
OK        http://www.bluejean.fr/sante/rhume-anti-inflammatoire-naturels.php
OK        http://www.bluejean.fr/sante/ph-acide.php
OK        http://www.bluejean.fr/sante/sport-et-sante.php
OK        http://www.bluejean.fr/alimentation-equilibre.php
OK        http://www.bluejean.fr/aliment-couleur.php
OK        http://www.bluejean.fr/meilleur-regime.php
OK        http://www.bluejean.fr/aliments-amaigrissants.php
OK        http://www.scriptol.fr

http://www.bluejean.fr/sante/rhume-anti-inflammatoire-naturels.php
------------------------------------------------------------------
OK        http://www.bluejean.fr
OK        http://www.bluejean.fr/aliments/
OK        http://www.bluejean.fr/recettes/
OK        http://www.bluejean.fr/sante/
OK        http://www.bluejean.fr/
OK        http://www.bluejean.fr/question-reponse.php
OK        http://www.bluejean.fr/sante/acides-gras-trans.php
OK        http://www.bluejean.fr/sante/cancer.php
OK        http://www.bluejean.fr/sante/cigarette.php
OK        http://www.bluejean.fr/sante/migraine-maux-de-tete.php
OK        http://www.bluejean.fr/sante/wi-fi-troubles.php
OK        http://www.bluejean.fr/sante/rhume-anti-inflammatoire-naturels.php
OK        http://www.bluejean.fr/sante/ph-acide.php
OK        http://www.bluejean.fr/sante/sport-et-sante.php
OK        http://www.bluejean.fr/alimentation-equilibre.php
OK        http://www.bluejean.fr/aliment-couleur.php
OK        http://www.bluejean.fr/meilleur-regime.php
OK        http://www.bluejean.fr/aliments-amaigrissants.php
OK        http://www.scriptol.fr

http://www.bluejean.fr/sante/ph-acide.php
-----------------------------------------
OK        http://www.bluejean.fr
OK        http://www.bluejean.fr/aliments/
OK        http://www.bluejean.fr/recettes/
OK        http://www.bluejean.fr/sante/
OK        http://www.bluejean.fr/
OK        http://www.bluejean.fr/question-reponse.php
OK        http://www.bluejean.fr/sante/acides-gras-trans.php
OK        http://www.bluejean.fr/sante/cancer.php
OK        http://www.bluejean.fr/sante/cigarette.php
OK        http://www.bluejean.fr/sante/migraine-maux-de-tete.php
OK        http://www.bluejean.fr/sante/wi-fi-troubles.php
OK        http://www.bluejean.fr/sante/rhume-anti-inflammatoire-naturels.php
OK        http://www.bluejean.fr/sante/ph-acide.php
OK        http://www.bluejean.fr/sante/sport-et-sante.php
OK        http://www.bluejean.fr/alimentation-equilibre.php
OK        http://www.bluejean.fr/aliment-couleur.php
OK        http://www.bluejean.fr/meilleur-regime.php
OK        http://www.bluejean.fr/aliments-amaigrissants.php
OK        http://www.scriptol.fr
OK        http://www.passeportsante.net/fr/Nutrition/Regimes/Fiche.aspx?doc=equilibre_acido_basique_regime

http://www.bluejean.fr/sante/alimentation-cancer.php
----------------------------------------------------
OK        http://www.bluejean.fr
OK        http://www.bluejean.fr/aliments/
OK        http://www.bluejean.fr/recettes/
OK        http://www.bluejean.fr/sante/
OK        http://www.bluejean.fr/
OK        http://www.bluejean.fr/question-reponse.php
OK        http://www.bluejean.fr/sante/acides-gras-trans.php
OK        http://www.bluejean.fr/sante/cancer.php
OK        http://www.bluejean.fr/sante/cigarette.php
OK        http://www.bluejean.fr/sante/migraine-maux-de-tete.php
OK        http://www.bluejean.fr/sante/wi-fi-troubles.php
OK        http://www.bluejean.fr/sante/rhume-anti-inflammatoire-naturels.php
OK        http://www.bluejean.fr/sante/ph-acide.php
OK        http://www.bluejean.fr/sante/sport-et-sante.php
OK        http://www.bluejean.fr/alimentation-equilibre.php
OK        http://www.bluejean.fr/aliment-couleur.php
OK        http://www.bluejean.fr/meilleur-regime.php
OK        http://www.bluejean.fr/aliments-amaigrissants.php
OK        http://www.scriptol.fr
OK        http://www.bluejean.fr/sante/cancer.php
OK        http://www.bluejean.fr/aliments/
OK        http://www.bluejean.fr/sante/acides-gras-trans.php

http://www.bluejean.fr/nutrition/regime-supprimer-faim.php
----------------------------------------------------------
OK        http://www.bluejean.fr
OK        http://www.bluejean.fr/aliments/
OK        http://www.bluejean.fr/recettes/
OK        http://www.bluejean.fr/sante/
OK        http://www.bluejean.fr/index.php
OK        http://www.bluejean.fr/question-reponse.php
OK        http://www.bluejean.fr/sante/
OK        http://www.bluejean.fr/nutrition/renouvellement-cellulaire-alimentation.php
OK        http://www.bluejean.fr/nutrition/regime-supprimer-faim.php
OK        http://www.bluejean.fr/alimentation-equilibre.php
OK        http://www.bluejean.fr/aliment-couleur.php
OK        http://www.bluejean.fr/meilleur-regime.php
OK        http://www.bluejean.fr/aliments-amaigrissants.php
OK        http://www.bluejean.fr/poids-ideal.php

http://www.bluejean.fr/nutrition/renouvellement-cellulaire-alimentation.php
---------------------------------------------------------------------------
OK        http://www.bluejean.fr
OK        http://www.bluejean.fr/aliments/
OK        http://www.bluejean.fr/recettes/
OK        http://www.bluejean.fr/sante/
OK        http://www.bluejean.fr/index.php
OK        http://www.bluejean.fr/question-reponse.php
OK        http://www.bluejean.fr/sante/
OK        http://www.bluejean.fr/nutrition/renouvellement-cellulaire-alimentation.php
OK        http://www.bluejean.fr/nutrition/regime-supprimer-faim.php
OK        http://www.bluejean.fr/alimentation-equilibre.php
OK        http://www.bluejean.fr/aliment-couleur.php
OK        http://www.bluejean.fr/meilleur-regime.php
OK        http://www.bluejean.fr/aliments-amaigrissants.php
OK        http://www.bluejean.fr/poids-ideal.php
OK        http://www.bluejean.fr/vitamines.php
OK        http://www.bluejean.fr/mineraux.php

http://www.bluejean.fr/aliments/pomme-ariane.php
------------------------------------------------
OK        http://www.bluejean.fr
OK        http://www.bluejean.fr/aliments/
OK        http://www.bluejean.fr/recettes/
OK        http://www.bluejean.fr/sante/
OK        http://www.bluejean.fr/index.php
OK        http://www.bluejean.fr/question-reponse.php
OK        http://www.bluejean.fr/aliments/chataigne.php
OK        http://www.bluejean.fr/aliments/citrouille.php
OK        http://www.bluejean.fr/aliments/pomme-ariane.php
OK        http://www.bluejean.fr/aliments/pruneau.php
OK        http://www.bluejean.fr/aliments/raisin.php
OK        http://www.bluejean.fr/aliments/saumon.php
OK        http://www.bluejean.fr/alimentation-equilibre.php
OK        http://www.bluejean.fr/aliment-couleur.php
OK        http://www.bluejean.fr/meilleur-regime.php
OK        http://www.bluejean.fr/aliments-amaigrissants.php
OK        http://www.bluejean.fr/poids-ideal.php
OK        http://lifesciences.cornell.edu/otherSources/march05/applesBrainCell.html

http://www.bluejean.fr/aliments/pruneau.php
-------------------------------------------
OK        http://www.bluejean.fr
OK        http://www.bluejean.fr/aliments/
OK        http://www.bluejean.fr/recettes/
OK        http://www.bluejean.fr/sante/
OK        http://www.bluejean.fr/index.php
OK        http://www.bluejean.fr/question-reponse.php
OK        http://www.bluejean.fr/aliments/chataigne.php
OK        http://www.bluejean.fr/aliments/citrouille.php
OK        http://www.bluejean.fr/aliments/pomme-ariane.php
OK        http://www.bluejean.fr/aliments/pruneau.php
OK        http://www.bluejean.fr/aliments/raisin.php
OK        http://www.bluejean.fr/aliments/saumon.php
OK        http://www.bluejean.fr/alimentation-equilibre.php
OK        http://www.bluejean.fr/aliment-couleur.php
OK        http://www.bluejean.fr/meilleur-regime.php
OK        http://www.bluejean.fr/aliments-amaigrissants.php
OK        http://www.bluejean.fr/poids-ideal.php

http://www.bluejean.fr/aliments/chataigne.php
---------------------------------------------
OK        http://www.bluejean.fr
OK        http://www.bluejean.fr/aliments/
OK        http://www.bluejean.fr/recettes/
OK        http://www.bluejean.fr/sante/
OK        http://www.bluejean.fr/index.php
OK        http://www.bluejean.fr/question-reponse.php
OK        http://www.bluejean.fr/aliments/chataigne.php
OK        http://www.bluejean.fr/aliments/citrouille.php
OK        http://www.bluejean.fr/aliments/pomme-ariane.php
OK        http://www.bluejean.fr/aliments/pruneau.php
OK        http://www.bluejean.fr/aliments/raisin.php
OK        http://www.bluejean.fr/aliments/saumon.php
OK        http://www.bluejean.fr/alimentation-equilibre.php
OK        http://www.bluejean.fr/aliment-couleur.php
OK        http://www.bluejean.fr/meilleur-regime.php
OK        http://www.bluejean.fr/aliments-amaigrissants.php
OK        http://www.bluejean.fr/poids-ideal.php

http://www.bluejean.fr/aliments/raisin.php
------------------------------------------
OK        http://www.bluejean.fr
OK        http://www.bluejean.fr/aliments/
OK        http://www.bluejean.fr/recettes/
OK        http://www.bluejean.fr/sante/
OK        http://www.bluejean.fr/index.php
OK        http://www.bluejean.fr/question-reponse.php
OK        http://www.bluejean.fr/aliments/chataigne.php
OK        http://www.bluejean.fr/aliments/citrouille.php
OK        http://www.bluejean.fr/aliments/pomme-ariane.php
OK        http://www.bluejean.fr/aliments/pruneau.php
OK        http://www.bluejean.fr/aliments/raisin.php
OK        http://www.bluejean.fr/aliments/saumon.php
OK        http://www.bluejean.fr/alimentation-equilibre.php
OK        http://www.bluejean.fr/aliment-couleur.php
OK        http://www.bluejean.fr/meilleur-regime.php
OK        http://www.bluejean.fr/aliments-amaigrissants.php
OK        http://www.bluejean.fr/poids-ideal.php
OK        http://www.bluejean.fr/meilleur-regime.php
OK        http://www.bluejean.fr/vitamines.php

http://www.bluejean.fr/aliments/citrouille.php
----------------------------------------------
OK        http://www.bluejean.fr
OK        http://www.bluejean.fr/aliments/
OK        http://www.bluejean.fr/recettes/
OK        http://www.bluejean.fr/sante/
OK        http://www.bluejean.fr/index.php
OK        http://www.bluejean.fr/question-reponse.php
OK        http://www.bluejean.fr/aliments/chataigne.php
OK        http://www.bluejean.fr/aliments/citrouille.php
OK        http://www.bluejean.fr/aliments/pomme-ariane.php
OK        http://www.bluejean.fr/aliments/pruneau.php
OK        http://www.bluejean.fr/aliments/raisin.php
OK        http://www.bluejean.fr/aliments/saumon.php
OK        http://www.bluejean.fr/alimentation-equilibre.php
OK        http://www.bluejean.fr/aliment-couleur.php
OK        http://www.bluejean.fr/meilleur-regime.php
OK        http://www.bluejean.fr/aliments-amaigrissants.php
OK        http://www.bluejean.fr/poids-ideal.php

http://www.bluejean.fr/aliments/saumon.php
------------------------------------------
OK        http://www.bluejean.fr
OK        http://www.bluejean.fr/aliments/
OK        http://www.bluejean.fr/recettes/
OK        http://www.bluejean.fr/sante/
OK        http://www.bluejean.fr/index.php
OK        http://www.bluejean.fr/question-reponse.php
OK        http://www.bluejean.fr/aliments/chataigne.php
OK        http://www.bluejean.fr/aliments/citrouille.php
OK        http://www.bluejean.fr/aliments/pomme-ariane.php
OK        http://www.bluejean.fr/aliments/pruneau.php
OK        http://www.bluejean.fr/aliments/raisin.php
OK        http://www.bluejean.fr/aliments/saumon.php
OK        http://www.bluejean.fr/alimentation-equilibre.php
OK        http://www.bluejean.fr/aliment-couleur.php
OK        http://www.bluejean.fr/meilleur-regime.php
OK        http://www.bluejean.fr/aliments-amaigrissants.php
OK        http://www.bluejean.fr/poids-ideal.php

http://www.bluejean.fr/minceur/air-procure-la-satiete.php
---------------------------------------------------------
OK        http://www.bluejean.fr
OK        http://www.bluejean.fr/aliments/
OK        http://www.bluejean.fr/recettes/
OK        http://www.bluejean.fr/sante/
OK        http://www.bluejean.fr/
OK        http://www.bluejean.fr/question-reponse.php
OK        http://www.bluejean.fr/sante/cancer.php
OK        http://www.bluejean.fr/sante/ph-acide.php
OK        http://www.bluejean.fr/sante/sport-et-sante.php
OK        http://www.bluejean.fr/alimentation-equilibre.php
OK        http://www.bluejean.fr/aliment-couleur.php
OK        http://www.bluejean.fr/meilleur-regime.php
OK        http://www.bluejean.fr/aliments-amaigrissants.php
OK        http://www.news.com.au/dailytelegraph/story/0,22049,23707335-5012770,00.html

http://www.bluejean.fr/cosmetique/venin-anti-ride.php
-----------------------------------------------------
OK        http://www.bluejean.fr
OK        http://www.bluejean.fr/aliments/
OK        http://www.bluejean.fr/recettes/
OK        http://www.bluejean.fr/sante/
OK        http://www.bluejean.fr/
OK        http://www.bluejean.fr/question-reponse.php
OK        http://www.bluejean.fr/sante/cancer.php
OK        http://www.bluejean.fr/sante/ph-acide.php
OK        http://www.bluejean.fr/sante/sport-et-sante.php
OK        http://www.bluejean.fr/alimentation-equilibre.php
OK        http://www.bluejean.fr/aliment-couleur.php
OK        http://www.bluejean.fr/meilleur-regime.php
OK        http://www.bluejean.fr/aliments-amaigrissants.php
OK        http://www.garancia-beauty.com/francais/fr-mysterieux-presse.php

http://www.bluejean.fr/sante/wii-fit-fitness.php
------------------------------------------------
OK        http://www.bluejean.fr
OK        http://www.bluejean.fr/aliments/
OK        http://www.bluejean.fr/recettes/
OK        http://www.bluejean.fr/sante/
OK        http://www.bluejean.fr/
OK        http://www.bluejean.fr/question-reponse.php
OK        http://www.bluejean.fr/sante/acides-gras-trans.php
OK        http://www.bluejean.fr/sante/cancer.php
OK        http://www.bluejean.fr/sante/cigarette.php
OK        http://www.bluejean.fr/sante/migraine-maux-de-tete.php
OK        http://www.bluejean.fr/sante/wi-fi-troubles.php
OK        http://www.bluejean.fr/sante/rhume-anti-inflammatoire-naturels.php
OK        http://www.bluejean.fr/sante/ph-acide.php
OK        http://www.bluejean.fr/sante/sport-et-sante.php
OK        http://www.bluejean.fr/alimentation-equilibre.php
OK        http://www.bluejean.fr/aliment-couleur.php
OK        http://www.bluejean.fr/meilleur-regime.php
OK        http://www.bluejean.fr/aliments-amaigrissants.php
OK        http://www.scriptol.fr
OK        http://www.xaml.fr/technologie/wii-realite-virtuelle.html
       http://e3nin.nintendo.com/wii_fit.html
OK        http://www.nintendo.fr/NOE/fr_FR/games/wii/wii_fit_2841.html

http://www.bluejean.fr/cosmetique/cosmetique-bio.php
----------------------------------------------------
OK        http://www.bluejean.fr
OK        http://www.bluejean.fr/aliments/
OK        http://www.bluejean.fr/recettes/
OK        http://www.bluejean.fr/sante/
OK        http://www.bluejean.fr/
OK        http://www.bluejean.fr/question-reponse.php
OK        http://www.bluejean.fr/sante/cancer.php
OK        http://www.bluejean.fr/sante/ph-acide.php
OK        http://www.bluejean.fr/sante/sport-et-sante.php
OK        http://www.bluejean.fr/alimentation-equilibre.php
OK        http://www.bluejean.fr/aliment-couleur.php
OK        http://www.bluejean.fr/meilleur-regime.php
OK        http://www.bluejean.fr/aliments-amaigrissants.php
OK        http://www.ecocert.fr/

http://www.bluejean.fr/sante/sport-et-sante.php
-----------------------------------------------
OK        http://www.bluejean.fr
OK        http://www.bluejean.fr/aliments/
OK        http://www.bluejean.fr/recettes/
OK        http://www.bluejean.fr/sante/
OK        http://www.bluejean.fr/
OK        http://www.bluejean.fr/question-reponse.php
OK        http://www.bluejean.fr/sante/acides-gras-trans.php
OK        http://www.bluejean.fr/sante/cancer.php
OK        http://www.bluejean.fr/sante/cigarette.php
OK        http://www.bluejean.fr/sante/migraine-maux-de-tete.php
OK        http://www.bluejean.fr/sante/wi-fi-troubles.php
OK        http://www.bluejean.fr/sante/rhume-anti-inflammatoire-naturels.php
OK        http://www.bluejean.fr/sante/ph-acide.php
OK        http://www.bluejean.fr/sante/sport-et-sante.php
OK        http://www.bluejean.fr/alimentation-equilibre.php
OK        http://www.bluejean.fr/aliment-couleur.php
OK        http://www.bluejean.fr/meilleur-regime.php
OK        http://www.bluejean.fr/aliments-amaigrissants.php
OK        http://www.scriptol.fr

http://www.bluejean.fr/sante/wi-fi-troubles.php
-----------------------------------------------
OK        http://www.bluejean.fr
OK        http://www.bluejean.fr/aliments/
OK        http://www.bluejean.fr/recettes/
OK        http://www.bluejean.fr/sante/
OK        http://www.bluejean.fr/
OK        http://www.bluejean.fr/question-reponse.php
OK        http://www.bluejean.fr/sante/acides-gras-trans.php
OK        http://www.bluejean.fr/sante/cancer.php
OK        http://www.bluejean.fr/sante/cigarette.php
OK        http://www.bluejean.fr/sante/migraine-maux-de-tete.php
OK        http://www.bluejean.fr/sante/wi-fi-troubles.php
OK        http://www.bluejean.fr/sante/rhume-anti-inflammatoire-naturels.php
OK        http://www.bluejean.fr/sante/ph-acide.php
OK        http://www.bluejean.fr/sante/sport-et-sante.php
OK        http://www.bluejean.fr/alimentation-equilibre.php
OK        http://www.bluejean.fr/aliment-couleur.php
OK        http://www.bluejean.fr/meilleur-regime.php
OK        http://www.bluejean.fr/aliments-amaigrissants.php
OK        http://www.scriptol.fr
OK        http://www.afsse.fr/

http://www.bluejean.fr/dick-amphetamine.php
-------------------------------------------
OK        http://www.bluejean.fr
OK        http://www.bluejean.fr/aliments/
OK        http://www.bluejean.fr/recettes/
OK        http://www.bluejean.fr/sante/
OK        http://www.bluejean.fr/index.php
OK        http://www.bluejean.fr/question-reponse.php
OK        http://www.bluejean.fr/alimentation-equilibre.php
OK        http://www.bluejean.fr/jouvence.php
OK        http://www.bluejean.fr/meilleur-regime.php
OK        http://www.bluejean.fr/aliments-amaigrissants.php
OK        http://www.bluejean.fr/sante/acides-gras-trans.php
OK        http://www.bluejean.fr/sante/migraine-maux-de-tete.php
OK        http://www.bluejean.fr/poids-ideal.php
OK        http://www.scriptol.fr

http://www.bluejean.fr/blue-jeans.php
-------------------------------------
OK        http://www.bluejean.fr
OK        http://www.bluejean.fr/aliments/
OK        http://www.bluejean.fr/recettes/
OK        http://www.bluejean.fr/sante/
OK        http://www.bluejean.fr/index.php
OK        http://www.bluejean.fr/question-reponse.php
OK        http://www.bluejean.fr/alimentation-equilibre.php
OK        http://www.bluejean.fr/jouvence.php
OK        http://www.bluejean.fr/meilleur-regime.php
OK        http://www.bluejean.fr/aliments-amaigrissants.php
OK        http://www.bluejean.fr/sante/acides-gras-trans.php
OK        http://www.bluejean.fr/sante/migraine-maux-de-tete.php
OK        http://www.bluejean.fr/poids-ideal.php
OK        http://www.scriptol.fr

http://www.bluejean.fr/couleur-bleue.php
----------------------------------------
OK        http://www.bluejean.fr
OK        http://www.bluejean.fr/aliments/
OK        http://www.bluejean.fr/recettes/
OK        http://www.bluejean.fr/sante/
OK        http://www.bluejean.fr/index.php
OK        http://www.bluejean.fr/question-reponse.php
OK        http://www.bluejean.fr/alimentation-equilibre.php
OK        http://www.bluejean.fr/jouvence.php
OK        http://www.bluejean.fr/meilleur-regime.php
OK        http://www.bluejean.fr/aliments-amaigrissants.php
OK        http://www.bluejean.fr/sante/acides-gras-trans.php
OK        http://www.bluejean.fr/sante/migraine-maux-de-tete.php
OK        http://www.bluejean.fr/poids-ideal.php
OK        http://www.scriptol.fr
OK        http://www.w3.org/TR/2003/CR-css3-color-20030514/
Redirect  http://www.pourpre.com

http://www.bluejean.fr/nutrition-asimoz.php
-------------------------------------------
OK        http://www.bluejean.fr
OK        http://www.bluejean.fr/aliments/
OK        http://www.bluejean.fr/recettes/
OK        http://www.bluejean.fr/sante/
OK        http://www.bluejean.fr/index.php
OK        http://www.bluejean.fr/question-reponse.php
OK        http://www.bluejean.fr/alimentation-equilibre.php
OK        http://www.bluejean.fr/jouvence.php
OK        http://www.bluejean.fr/meilleur-regime.php
OK        http://www.bluejean.fr/aliments-amaigrissants.php
OK        http://www.bluejean.fr/sante/acides-gras-trans.php
OK        http://www.bluejean.fr/sante/migraine-maux-de-tete.php
OK        http://www.bluejean.fr/poids-ideal.php
OK        http://www.scriptol.fr

http://www.bluejean.fr/rss.xml
------------------------------
0 broken links, 2 redirects, in 126 links checked in 110 pages.